Determining if the pthread_create exist failed with the following output:
Change Dir: /home/nicolas/Desktop/C++/TP/tp_1/build/CMakeFiles/CMakeTmp

Run Build Command:"/usr/bin/make" "cmTC_29d3e/fast"
/usr/bin/make -f CMakeFiles/cmTC_29d3e.dir/build.make CMakeFiles/cmTC_29d3e.dir/build
make[1]: Entering directory '/home/nicolas/Desktop/C++/TP/tp_1/build/CMakeFiles/CMakeTmp'
Building C object CMakeFiles/cmTC_29d3e.dir/CheckSymbolExists.c.o
/usr/bin/cc    -o CMakeFiles/cmTC_29d3e.dir/CheckSymbolExists.c.o   -c /home/nicolas/Desktop/C++/TP/tp_1/build/CMakeFiles/CMakeTmp/CheckSymbolExists.c
Linking C executable cmTC_29d3e
/usr/bin/cmake -E cmake_link_script CMakeFiles/cmTC_29d3e.dir/link.txt --verbose=1
/usr/bin/cc      -rdynamic CMakeFiles/cmTC_29d3e.dir/CheckSymbolExists.c.o  -o cmTC_29d3e 
CMakeFiles/cmTC_29d3e.dir/CheckSymbolExists.c.o: In function `main':
CheckSymbolExists.c:(.text+0x1b): undefined reference to `pthread_create'
collect2: error: ld returned 1 exit status
CMakeFiles/cmTC_29d3e.dir/build.make:97: recipe for target 'cmTC_29d3e' failed
make[1]: *** [cmTC_29d3e] Error 1
make[1]: Leaving directory '/home/nicolas/Desktop/C++/TP/tp_1/build/CMakeFiles/CMakeTmp'
Makefile:126: recipe for target 'cmTC_29d3e/fast' failed
make: *** [cmTC_29d3e/fast] Error 2

File /home/nicolas/Desktop/C++/TP/tp_1/build/CMakeFiles/CMakeTmp/CheckSymbolExists.c:
/* */
#include <pthread.h>

int main(int argc, char** argv)
{
  (void)argv;
#ifndef pthread_create
  return ((int*)(&pthread_create))[argc];
#else
  (void)argc;
  return 0;
#endif
}

Determining if the function pthread_create exists in the pthreads failed with the following output:
Change Dir: /home/nicolas/Desktop/C++/TP/tp_1/build/CMakeFiles/CMakeTmp

Run Build Command:"/usr/bin/make" "cmTC_fd24e/fast"
/usr/bin/make -f CMakeFiles/cmTC_fd24e.dir/build.make CMakeFiles/cmTC_fd24e.dir/build
make[1]: Entering directory '/home/nicolas/Desktop/C++/TP/tp_1/build/CMakeFiles/CMakeTmp'
Building C object CMakeFiles/cmTC_fd24e.dir/CheckFunctionExists.c.o
/usr/bin/cc   -DCHECK_FUNCTION_EXISTS=pthread_create   -o CMakeFiles/cmTC_fd24e.dir/CheckFunctionExists.c.o   -c /usr/share/cmake-3.10/Modules/CheckFunctionExists.c
Linking C executable cmTC_fd24e
/usr/bin/cmake -E cmake_link_script CMakeFiles/cmTC_fd24e.dir/link.txt --verbose=1
/usr/bin/cc  -DCHECK_FUNCTION_EXISTS=pthread_create    -rdynamic CMakeFiles/cmTC_fd24e.dir/CheckFunctionExists.c.o  -o cmTC_fd24e -lpthreads 
/usr/bin/ld: cannot find -lpthreads
collect2: error: ld returned 1 exit status
CMakeFiles/cmTC_fd24e.dir/build.make:97: recipe for target 'cmTC_fd24e' failed
make[1]: *** [cmTC_fd24e] Error 1
make[1]: Leaving directory '/home/nicolas/Desktop/C++/TP/tp_1/build/CMakeFiles/CMakeTmp'
Makefile:126: recipe for target 'cmTC_fd24e/fast' failed
make: *** [cmTC_fd24e/fast] Error 2


