Determining if the pthread_create exist failed with the following output:
Change Dir: /home/nicolas/Desktop/C++/TP/tp_2/build/CMakeFiles/CMakeTmp

Run Build Command:"/usr/bin/make" "cmTC_308af/fast"
/usr/bin/make -f CMakeFiles/cmTC_308af.dir/build.make CMakeFiles/cmTC_308af.dir/build
make[1]: Entering directory '/home/nicolas/Desktop/C++/TP/tp_2/build/CMakeFiles/CMakeTmp'
Building C object CMakeFiles/cmTC_308af.dir/CheckSymbolExists.c.o
/usr/bin/cc    -o CMakeFiles/cmTC_308af.dir/CheckSymbolExists.c.o   -c /home/nicolas/Desktop/C++/TP/tp_2/build/CMakeFiles/CMakeTmp/CheckSymbolExists.c
Linking C executable cmTC_308af
/usr/bin/cmake -E cmake_link_script CMakeFiles/cmTC_308af.dir/link.txt --verbose=1
/usr/bin/cc      -rdynamic CMakeFiles/cmTC_308af.dir/CheckSymbolExists.c.o  -o cmTC_308af 
CMakeFiles/cmTC_308af.dir/CheckSymbolExists.c.o: In function `main':
CheckSymbolExists.c:(.text+0x1b): undefined reference to `pthread_create'
collect2: error: ld returned 1 exit status
CMakeFiles/cmTC_308af.dir/build.make:97: recipe for target 'cmTC_308af' failed
make[1]: *** [cmTC_308af] Error 1
make[1]: Leaving directory '/home/nicolas/Desktop/C++/TP/tp_2/build/CMakeFiles/CMakeTmp'
Makefile:126: recipe for target 'cmTC_308af/fast' failed
make: *** [cmTC_308af/fast] Error 2

File /home/nicolas/Desktop/C++/TP/tp_2/build/CMakeFiles/CMakeTmp/CheckSymbolExists.c:
/* */
#include <pthread.h>

int main(int argc, char** argv)
{
  (void)argv;
#ifndef pthread_create
  return ((int*)(&pthread_create))[argc];
#else
  (void)argc;
  return 0;
#endif
}

Determining if the function pthread_create exists in the pthreads failed with the following output:
Change Dir: /home/nicolas/Desktop/C++/TP/tp_2/build/CMakeFiles/CMakeTmp

Run Build Command:"/usr/bin/make" "cmTC_7652f/fast"
/usr/bin/make -f CMakeFiles/cmTC_7652f.dir/build.make CMakeFiles/cmTC_7652f.dir/build
make[1]: Entering directory '/home/nicolas/Desktop/C++/TP/tp_2/build/CMakeFiles/CMakeTmp'
Building C object CMakeFiles/cmTC_7652f.dir/CheckFunctionExists.c.o
/usr/bin/cc   -DCHECK_FUNCTION_EXISTS=pthread_create   -o CMakeFiles/cmTC_7652f.dir/CheckFunctionExists.c.o   -c /usr/share/cmake-3.10/Modules/CheckFunctionExists.c
Linking C executable cmTC_7652f
/usr/bin/cmake -E cmake_link_script CMakeFiles/cmTC_7652f.dir/link.txt --verbose=1
/usr/bin/cc  -DCHECK_FUNCTION_EXISTS=pthread_create    -rdynamic CMakeFiles/cmTC_7652f.dir/CheckFunctionExists.c.o  -o cmTC_7652f -lpthreads 
/usr/bin/ld: cannot find -lpthreads
collect2: error: ld returned 1 exit status
CMakeFiles/cmTC_7652f.dir/build.make:97: recipe for target 'cmTC_7652f' failed
make[1]: *** [cmTC_7652f] Error 1
make[1]: Leaving directory '/home/nicolas/Desktop/C++/TP/tp_2/build/CMakeFiles/CMakeTmp'
Makefile:126: recipe for target 'cmTC_7652f/fast' failed
make: *** [cmTC_7652f/fast] Error 2


